[16May2025 00:05:05.746] [Server thread/INFO] [net.minecraft.server.players.PlayerList/]: KMRgamerotaku[/127.181.128.176:45977] logged in with entity id 34232 at (-8.35432881130303, -15.211928698292143, -1235.0687413410265)
[16May2025 00:05:05.760] [Server thread/INFO] [net.minecraft.server.MinecraftServer/]: KMRgamerotaku joined the game
[16May2025 00:05:05.807] [Server thread/INFO] [Jade/]: Syncing config to KMRgamerotaku (bf30ee1d-42cf-3c65-81ec-32582926b884)
[16May2025 00:06:39.283] [Server thread/INFO] [net.minecraft.server.MinecraftServer/]: [Not Secure] <KMRgamerotaku> me avissa cuando regrese
[16May2025 00:08:28.787] [Server thread/INFO] [net.minecraft.server.MinecraftServer/]: [Not Secure] <jhonny365> de qeu
[16May2025 00:08:38.901] [Server thread/INFO] [net.minecraft.server.MinecraftServer/]: [Not Secure] <KMRgamerotaku> tiene un dragon cerca
[16May2025 00:08:41.387] [Server thread/INFO] [net.minecraft.server.MinecraftServer/]: [Not Secure] <KMRgamerotaku> pa donde va
[16May2025 00:08:55.559] [Server thread/INFO] [net.minecraft.server.MinecraftServer/]: [Not Secure] <jhonny365> tu cres que el mapa me ayuda
[16May2025 00:08:59.549] [Server thread/INFO] [net.minecraft.server.MinecraftServer/]: [Not Secure] <jhonny365> no veo nada en el mapa
[16May2025 00:09:00.842] [Server thread/INFO] [net.minecraft.server.MinecraftServer/]: [Not Secure] <KMRgamerotaku> no
[16May2025 00:09:05.586] [Server thread/INFO] [net.minecraft.server.MinecraftServer/]: [Not Secure] <KMRgamerotaku> este mapa no ayuda
[16May2025 00:09:23.355] [Server thread/INFO] [net.minecraft.server.MinecraftServer/]: [Not Secure] <KMRgamerotaku> por eso tengo que estar yo
[16May2025 00:09:25.636] [Server thread/INFO] [net.minecraft.server.MinecraftServer/]: [Not Secure] <jhonny365> no me diga cosas obias
[16May2025 00:09:26.984] [Server thread/INFO] [net.minecraft.server.MinecraftServer/]: [Not Secure] <KMRgamerotaku> bueno
[16May2025 00:09:36.300] [Server thread/INFO] [net.minecraft.server.MinecraftServer/]: [Not Secure] <KMRgamerotaku> donde estaba metido pica
[16May2025 00:09:42.437] [Server thread/INFO] [net.minecraft.server.MinecraftServer/]: [Not Secure] <KMRgamerotaku> crepper
[16May2025 00:09:48.286] [Server thread/INFO] [net.minecraft.server.MinecraftServer/]: [Not Secure] <jhonny365> conse qeu al duentde
[16May2025 00:09:48.434] [Server thread/INFO] [net.minecraft.server.MinecraftServer/]: [Not Secure] <KMRgamerotaku> pdj
[16May2025 00:10:11.337] [Server thread/INFO] [net.minecraft.server.MinecraftServer/]: [Not Secure] <KMRgamerotaku> ve al hueco en donde estaba afk
[16May2025 00:10:33.356] [Server thread/INFO] [net.minecraft.server.MinecraftServer/]: [Not Secure] <KMRgamerotaku> y el dragon es de fuego
[16May2025 00:10:40.186] [Server thread/INFO] [net.minecraft.server.MinecraftServer/]: [Not Secure] <KMRgamerotaku> pica para adelante
[16May2025 00:10:41.589] [Server thread/INFO] [net.minecraft.server.MinecraftServer/]: [Not Secure] <jhonny365> diablo
[16May2025 00:11:02.770] [Server thread/INFO] [net.minecraft.server.MinecraftServer/]: [Not Secure] <KMRgamerotaku> y es dragon de fuego
[16May2025 00:11:05.248] [Server thread/INFO] [net.minecraft.server.MinecraftServer/]: [Not Secure] <KMRgamerotaku> y
[16May2025 00:11:09.144] [Server thread/INFO] [net.minecraft.server.MinecraftServer/]: [Not Secure] <KMRgamerotaku> creo que es hembra
[16May2025 00:11:24.937] [Server thread/INFO] [net.minecraft.server.MinecraftServer/]: [Not Secure] <KMRgamerotaku> ve haciendo tipo escaleras
[16May2025 00:11:31.551] [Server thread/INFO] [net.minecraft.server.MinecraftServer/]: [Not Secure] <jhonny365> si ya vi en el mapa por lo menos me dice el nombre de la piedra
[16May2025 00:12:10.289] [Server thread/INFO] [net.minecraft.server.MinecraftServer/]: [Not Secure] <KMRgamerotaku> pica para el frente
[16May2025 00:12:17.737] [Server thread/INFO] [net.minecraft.server.MinecraftServer/]: [Not Secure] <KMRgamerotaku> listo
[16May2025 00:12:41.402] [Server thread/INFO] [net.minecraft.server.MinecraftServer/]: [Not Secure] <KMRgamerotaku> como siempre el admin ayudando
[16May2025 00:12:49.830] [Server thread/WARN] [net.minecraft.server.level.ServerLevel/]: Tried to add entity ancient_elements:undead_miner but it was marked as removed already
[16May2025 00:12:50.990] [Server thread/INFO] [net.minecraft.server.MinecraftServer/]: [Not Secure] <KMRgamerotaku> tapa hay
[16May2025 00:12:58.022] [Server thread/INFO] [net.minecraft.server.MinecraftServer/]: [Not Secure] <KMRgamerotaku> tiene un spawn de zonbie
[16May2025 00:13:02.238] [Server thread/INFO] [net.minecraft.server.MinecraftServer/]: [Not Secure] <KMRgamerotaku> listo
[16May2025 00:13:03.667] [Server thread/INFO] [net.minecraft.server.MinecraftServer/]: [Not Secure] <jhonny365> si ya vi
[16May2025 00:13:11.119] [Server thread/INFO] [net.minecraft.server.MinecraftServer/]: [Not Secure] <jhonny365> el admin siempre hackeadno
[16May2025 00:13:14.602] [Server thread/INFO] [net.minecraft.server.MinecraftServer/]: [Not Secure] <KMRgamerotaku> ajaj
[16May2025 00:13:27.714] [Server thread/INFO] [net.minecraft.server.MinecraftServer/]: [Not Secure] <KMRgamerotaku> solo lo hago para ponerme espectador
[16May2025 00:13:52.335] [Server thread/INFO] [net.minecraft.server.MinecraftServer/]: [Not Secure] <KMRgamerotaku> tiene 426 de vida
[16May2025 00:14:12.186] [Server thread/INFO] [net.minecraft.server.MinecraftServer/]: [Not Secure] <jhonny365> es hacker es hacker
[16May2025 00:14:18.238] [Server thread/INFO] [net.minecraft.server.MinecraftServer/]: [Not Secure] <KMRgamerotaku> xd
[16May2025 00:15:32.312] [Server thread/INFO] [net.minecraft.server.MinecraftServer/]: [Not Secure] <KMRgamerotaku> ah no lo vas a matar
[16May2025 00:15:37.642] [Server thread/INFO] [net.minecraft.server.MinecraftServer/]: [Not Secure] <jhonny365> que no
[16May2025 00:15:41.133] [Server thread/INFO] [net.minecraft.server.MinecraftServer/]: [Not Secure] <jhonny365> mireme
[16May2025 00:15:55.110] [Server thread/INFO] [net.minecraft.server.MinecraftServer/]: [Not Secure] <KMRgamerotaku> xd
[16May2025 00:16:04.189] [Server thread/INFO] [net.minecraft.server.MinecraftServer/]: [Not Secure] <KMRgamerotaku> te veo como huyes
[16May2025 00:17:24.352] [Server thread/INFO] [net.minecraft.server.MinecraftServer/]: [Not Secure] <jhonny365> veamos como ahcemos esto
[16May2025 00:17:28.537] [Server thread/INFO] [net.minecraft.server.MinecraftServer/]: [Not Secure] <KMRgamerotaku> xd
[16May2025 00:17:31.434] [Server thread/INFO] [net.minecraft.server.MinecraftServer/]: [Not Secure] <KMRgamerotaku> te veo muerto
